<?xml version="1.0" encoding="UTF-8"?>
<testsuite xmlns:xsi="http://www.w3.org/2001/XMLSchema-instance" xsi:noNamespaceSchemaLocation="https://maven.apache.org/surefire/maven-surefire-plugin/xsd/surefire-test-report-3.0.xsd" version="3.0" name="TestSuite" time="21.207" tests="3" errors="0" skipped="0" failures="0">
  <properties>
[...]
</properties>
  <testcase name="testTextBoxFormSubmission" classname="tests.TextBoxTest" time="4.214">
    <system-out><![CDATA[2026-01-22 15:26:53 [INFO] listeners.TestListener - Test suite start: DemoQA Tests
2026-01-22 15:26:53 [INFO] tests.TextBoxTest - Setup: start browser
2026-01-22 15:26:55 [INFO] listeners.TestListener - Test start: testTextBoxFormSubmission
2026-01-22 15:26:55 [INFO] tests.TextBoxTest - Navigate to Text Box page
2026-01-22 15:26:59 [INFO] tests.TextBoxTest - Fill in form fields
2026-01-22 15:26:59 [INFO] tests.TextBoxTest - Submit the form
2026-01-22 15:27:00 [INFO] tests.TextBoxTest - Verify output contains name and email
2026-01-22 15:27:00 [INFO] listeners.TestListener - Test passed: testTextBoxFormSubmission
]]></system-out>
    <system-err><![CDATA[SLF4J: Failed to load class "org.slf4j.impl.StaticLoggerBinder".
SLF4J: Defaulting to no-operation (NOP) logger implementation
SLF4J: See http://www.slf4j.org/codes.html#StaticLoggerBinder for further details.
янв. 22, 2026 3:26:55 PM org.openqa.selenium.devtools.CdpVersionFinder findNearestMatch
WARNING: Unable to find CDP implementation matching 144
янв. 22, 2026 3:26:55 PM org.openqa.selenium.chromium.ChromiumDriver lambda$new$5
WARNING: Unable to find version of CDP to use for 144.0.7559.60. You may need to include a dependency on a specific version of the CDP using something similar to `org.seleniumhq.selenium:selenium-devtools-v86:4.23.1` where the version ("v86") matches the version of the chromium-based browser you're using and the version number of the artifact is the same as Selenium's.
]]></system-err>
  </testcase>
  <testcase name="testCheckBoxSelectHome" classname="tests.CheckBoxTest" time="3.633">
    <system-out><![CDATA[2026-01-22 15:27:00 [INFO] tests.TextBoxTest - Teardown: quit browser
2026-01-22 15:27:00 [INFO] tests.CheckBoxTest - Setup: start browser
2026-01-22 15:27:01 [INFO] listeners.TestListener - Test start: testCheckBoxSelectHome
2026-01-22 15:27:01 [INFO] tests.CheckBoxTest - Navigate to Check Box page
2026-01-22 15:27:05 [INFO] tests.CheckBoxTest - Select Home checkbox
2026-01-22 15:27:05 [INFO] tests.CheckBoxTest - Verify result contains 'home'
2026-01-22 15:27:05 [INFO] listeners.TestListener - Test passed: testCheckBoxSelectHome
]]></system-out>
    <system-err><![CDATA[янв. 22, 2026 3:27:01 PM org.openqa.selenium.devtools.CdpVersionFinder findNearestMatch
WARNING: Unable to find CDP implementation matching 144
янв. 22, 2026 3:27:01 PM org.openqa.selenium.chromium.ChromiumDriver lambda$new$5
WARNING: Unable to find version of CDP to use for 144.0.7559.60. You may need to include a dependency on a specific version of the CDP using something similar to `org.seleniumhq.selenium:selenium-devtools-v86:4.23.1` where the version ("v86") matches the version of the chromium-based browser you're using and the version number of the artifact is the same as Selenium's.
]]></system-err>
  </testcase>
  <testcase name="testDoubleClickButton" classname="tests.ButtonsTest" time="5.798">
    <system-out><![CDATA[2026-01-22 15:27:05 [INFO] tests.CheckBoxTest - Teardown: quit browser
2026-01-22 15:27:05 [INFO] tests.ButtonsTest - Setup: start browser
2026-01-22 15:27:07 [INFO] listeners.TestListener - Test start: testDoubleClickButton
2026-01-22 15:27:07 [INFO] tests.ButtonsTest - Navigate to Buttons page
2026-01-22 15:27:13 [INFO] tests.ButtonsTest - Perform double click
2026-01-22 15:27:13 [INFO] tests.ButtonsTest - Verify double click message
2026-01-22 15:27:13 [INFO] listeners.TestListener - Test passed: testDoubleClickButton
]]></system-out>
    <system-err><![CDATA[янв. 22, 2026 3:27:07 PM org.openqa.selenium.devtools.CdpVersionFinder findNearestMatch
WARNING: Unable to find CDP implementation matching 144
янв. 22, 2026 3:27:07 PM org.openqa.selenium.chromium.ChromiumDriver lambda$new$5
WARNING: Unable to find version of CDP to use for 144.0.7559.60. You may need to include a dependency on a specific version of the CDP using something similar to `org.seleniumhq.selenium:selenium-devtools-v86:4.23.1` where the version ("v86") matches the version of the chromium-based browser you're using and the version number of the artifact is the same as Selenium's.
]]></system-err>
  </testcase>
</testsuite>