<?xml version="1.0" encoding="UTF-8"?>
<testng-results ignored="0" total="3" passed="3" failed="0" skipped="0">
  <reporter-output>
  </reporter-output>
  <suite started-at="2026-01-22T15:26:53 GMT+05:00" name="DemoQA Suite" finished-at="2026-01-22T15:27:13 GMT+05:00" duration-ms="20275">
    <groups>
    </groups>
    <test started-at="2026-01-22T15:26:53 GMT+05:00" name="DemoQA Tests" finished-at="2026-01-22T15:27:13 GMT+05:00" duration-ms="20275">
      <class name="tests.ButtonsTest">
        <test-method is-config="true" signature="setUp()[pri:0, instance:tests.ButtonsTest@1992eaf4]" started-at="2026-01-22T15:27:05 GMT+05:00" name="setUp" finished-at="2026-01-22T15:27:07 GMT+05:00" duration-ms="1776" status="PASS">
          <reporter-output>
          </reporter-output>
        </test-method> <!-- setUp -->
        <test-method signature="testDoubleClickButton()[pri:0, instance:tests.ButtonsTest@1992eaf4]" started-at="2026-01-22T15:27:07 GMT+05:00" name="testDoubleClickButton" finished-at="2026-01-22T15:27:13 GMT+05:00" duration-ms="5797" status="PASS">
          <reporter-output>
          </reporter-output>
        </test-method> <!-- testDoubleClickButton -->
        <test-method is-config="true" signature="tearDown()[pri:0, instance:tests.ButtonsTest@1992eaf4]" started-at="2026-01-22T15:27:13 GMT+05:00" name="tearDown" finished-at="2026-01-22T15:27:13 GMT+05:00" duration-ms="155" status="PASS">
          <reporter-output>
          </reporter-output>
        </test-method> <!-- tearDown -->
      </class> <!-- tests.ButtonsTest -->
      <class name="tests.TextBoxTest">
        <test-method is-config="true" signature="setUp()[pri:0, instance:tests.TextBoxTest@3fc9dfc5]" started-at="2026-01-22T15:26:53 GMT+05:00" name="setUp" finished-at="2026-01-22T15:26:55 GMT+05:00" duration-ms="2805" status="PASS">
          <reporter-output>
          </reporter-output>
        </test-method> <!-- setUp -->
        <test-method signature="testTextBoxFormSubmission()[pri:0, instance:tests.TextBoxTest@3fc9dfc5]" started-at="2026-01-22T15:26:55 GMT+05:00" name="testTextBoxFormSubmission" finished-at="2026-01-22T15:27:00 GMT+05:00" duration-ms="4199" status="PASS">
          <reporter-output>
          </reporter-output>
        </test-method> <!-- testTextBoxFormSubmission -->
        <test-method is-config="true" signature="tearDown()[pri:0, instance:tests.TextBoxTest@3fc9dfc5]" started-at="2026-01-22T15:27:00 GMT+05:00" name="tearDown" finished-at="2026-01-22T15:27:00 GMT+05:00" duration-ms="289" status="PASS">
          <reporter-output>
          </reporter-output>
        </test-method> <!-- tearDown -->
      </class> <!-- tests.TextBoxTest -->
      <class name="tests.CheckBoxTest">
        <test-method is-config="true" signature="setUp()[pri:0, instance:tests.CheckBoxTest@7db82169]" started-at="2026-01-22T15:27:00 GMT+05:00" name="setUp" finished-at="2026-01-22T15:27:01 GMT+05:00" duration-ms="1461" status="PASS">
          <reporter-output>
          </reporter-output>
        </test-method> <!-- setUp -->
        <test-method signature="testCheckBoxSelectHome()[pri:0, instance:tests.CheckBoxTest@7db82169]" started-at="2026-01-22T15:27:01 GMT+05:00" name="testCheckBoxSelectHome" finished-at="2026-01-22T15:27:05 GMT+05:00" duration-ms="3632" status="PASS">
          <reporter-output>
          </reporter-output>
        </test-method> <!-- testCheckBoxSelectHome -->
        <test-method is-config="true" signature="tearDown()[pri:0, instance:tests.CheckBoxTest@7db82169]" started-at="2026-01-22T15:27:05 GMT+05:00" name="tearDown" finished-at="2026-01-22T15:27:05 GMT+05:00" duration-ms="121" status="PASS">
          <reporter-output>
          </reporter-output>
        </test-method> <!-- tearDown -->
      </class> <!-- tests.CheckBoxTest -->
    </test> <!-- DemoQA Tests -->
  </suite> <!-- DemoQA Suite -->
</testng-results>
