<?xml version="1.0" encoding="UTF-8"?>
<!-- Generated by org.testng.reporters.JUnitXMLReporter -->
<testsuite ignored="0" hostname="Gazizas-MacBook-Air.local" failures="0" tests="3" name="DemoQA Tests" time="20.275" errors="0" timestamp="2026-01-22T15:27:13 GMT+05:00">
  <testcase classname="tests.TextBoxTest" name="testTextBoxFormSubmission" time="4.199"/>
  <testcase classname="tests.CheckBoxTest" name="testCheckBoxSelectHome" time="3.632"/>
  <testcase classname="tests.ButtonsTest" name="testDoubleClickButton" time="5.797"/>
</testsuite> <!-- DemoQA Tests -->
